\BOOKMARK [1][-]{section.1}{\376\377\000P\000e\000n\000d\000a\000h\000u\000l\000u\000a\000n}{}% 1
\BOOKMARK [2][-]{subsection.1.1}{\376\377\000L\000a\000t\000a\000r\000\040\000B\000e\000l\000a\000k\000a\000n\000g}{section.1}% 2
\BOOKMARK [2][-]{subsection.1.2}{\376\377\000R\000u\000m\000u\000s\000a\000n\000\040\000M\000a\000s\000a\000l\000a\000h}{section.1}% 3
\BOOKMARK [2][-]{subsection.1.3}{\376\377\000T\000u\000j\000u\000a\000n}{section.1}% 4
\BOOKMARK [1][-]{section.2}{\376\377\000T\000I\000N\000J\000A\000U\000A\000N\000\040\000P\000U\000S\000T\000A\000K\000A}{}% 5
\BOOKMARK [2][-]{subsection.2.1}{\376\377\000E\000n\000t\000e\000r\000p\000r\000i\000s\000e\000\040\000R\000e\000s\000o\000u\000r\000c\000e\000\040\000P\000l\000a\000n\000n\000i\000n\000g\000\040\000\050\000E\000R\000P\000\051}{section.2}% 6
\BOOKMARK [2][-]{subsection.2.2}{\376\377\000B\000u\000s\000i\000n\000e\000s\000s\000\040\000P\000r\000o\000c\000e\000s\000s\000\040\000M\000o\000d\000e\000l\000\040\000a\000n\000d\000\040\000N\000o\000t\000a\000t\000i\000o\000n\000\040\000\050\000B\000P\000M\000N\000\051}{section.2}% 7
\BOOKMARK [2][-]{subsection.2.3}{\376\377\000F\000o\000o\000d\000\040\000C\000o\000u\000r\000t}{section.2}% 8
\BOOKMARK [2][-]{subsection.2.4}{\376\377\000S\000i\000s\000t\000e\000m\000\040\000R\000e\000s\000e\000r\000v\000a\000s\000i\000\040\000K\000o\000n\000v\000e\000n\000s\000i\000o\000n\000a\000l}{section.2}% 9
\BOOKMARK [2][-]{subsection.2.5}{\376\377\000S\000i\000s\000t\000e\000m\000\040\000R\000e\000s\000e\000r\000v\000a\000s\000i\000\040\000F\000o\000o\000d\000\040\000C\000o\000u\000r\000t\000\040\000B\000e\000r\000b\000a\000s\000i\000s\000\040\000E\000R\000P}{section.2}% 10
\BOOKMARK [2][-]{subsection.2.6}{\376\377\000O\000d\000o\000o\000\040\000E\000R\000P}{section.2}% 11
\BOOKMARK [2][-]{subsection.2.7}{\376\377\000F\000r\000a\000m\000e\000w\000o\000r\000k\000\040\000W\000e\000b\000\040\000F\000r\000o\000n\000t\000e\000n\000d}{section.2}% 12
\BOOKMARK [2][-]{subsection.2.8}{\376\377\000I\000n\000t\000e\000g\000r\000a\000s\000i\000\040\000S\000i\000s\000t\000e\000m\000\040\000v\000i\000a\000\040\000A\000p\000p\000l\000i\000c\000a\000t\000i\000o\000n\000\040\000P\000r\000o\000g\000r\000a\000m\000m\000i\000n\000g\000\040\000I\000n\000t\000e\000r\000f\000a\000c\000e\000\040\000\050\000A\000P\000I\000\051}{section.2}% 13
\BOOKMARK [2][-]{subsection.2.9}{\376\377\000A\000n\000a\000l\000i\000t\000i\000k\000\040\000S\000i\000s\000t\000e\000m\000\040\000T\000e\000r\000p\000u\000s\000a\000t}{section.2}% 14
\BOOKMARK [1][-]{section.3}{\376\377\000A\000N\000A\000L\000I\000S\000I\000S\000\040\000S\000I\000S\000T\000E\000M}{}% 15
\BOOKMARK [2][-]{subsection.3.1}{\376\377\000D\000e\000s\000k\000r\000i\000p\000s\000i\000\040\000P\000r\000o\000s\000e\000s\000\040\000B\000i\000s\000n\000i\000s}{section.3}% 16
\BOOKMARK [3][-]{subsubsection.3.1.1}{\376\377\000T\000a\000h\000a\000p\000\040\000R\000e\000s\000e\000r\000v\000a\000s\000i}{subsection.3.1}% 17
\BOOKMARK [3][-]{subsubsection.3.1.2}{\376\377\000T\000a\000h\000a\000p\000\040\000K\000e\000d\000a\000t\000a\000n\000g\000a\000n\000\040\000d\000a\000n\000\040\000V\000e\000r\000i\000f\000i\000k\000a\000s\000i}{subsection.3.1}% 18
\BOOKMARK [3][-]{subsubsection.3.1.3}{\376\377\000T\000a\000h\000a\000p\000\040\000P\000e\000m\000e\000s\000a\000n\000a\000n\000\040\000M\000e\000n\000u}{subsection.3.1}% 19
\BOOKMARK [3][-]{subsubsection.3.1.4}{\376\377\000T\000a\000h\000a\000p\000\040\000P\000e\000m\000b\000a\000y\000a\000r\000a\000n}{subsection.3.1}% 20
\BOOKMARK [3][-]{subsubsection.3.1.5}{\376\377\000T\000a\000h\000a\000p\000\040\000P\000e\000l\000a\000p\000o\000r\000a\000n\000\040\000d\000a\000n\000\040\000E\000v\000a\000l\000u\000a\000s\000i}{subsection.3.1}% 21
\BOOKMARK [2][-]{subsection.3.2}{\376\377\000B\000u\000s\000i\000n\000e\000s\000s\000\040\000P\000r\000o\000c\000e\000s\000s\000\040\000M\000o\000d\000e\000l\000\040\000a\000n\000d\000\040\000N\000o\000t\000a\000t\000i\000o\000n\000\040\000\050\000B\000P\000M\000N\000\051}{section.3}% 22
\BOOKMARK [2][-]{subsection.3.3}{\376\377\000U\000s\000e\000\040\000C\000a\000s\000e\000\040\000D\000i\000a\000g\000r\000a\000m}{section.3}% 23
\BOOKMARK [2][-]{subsection.3.4}{\376\377\000S\000e\000q\000u\000e\000n\000c\000e\000\040\000D\000i\000a\000g\000r\000a\000m}{section.3}% 24
\BOOKMARK [2][-]{subsection.3.5}{\376\377\000K\000e\000b\000u\000t\000u\000h\000a\000n\000\040\000S\000i\000s\000t\000e\000m}{section.3}% 25
\BOOKMARK [3][-]{subsubsection.3.5.1}{\376\377\000K\000e\000b\000u\000t\000u\000h\000a\000n\000\040\000F\000u\000n\000g\000s\000i\000o\000n\000a\000l\000\040\000W\000e\000b\000\040\000F\000r\000o\000n\000t\000e\000n\000d\000\040\000\050\000N\000e\000x\000t\000.\000j\000s\000\051}{subsection.3.5}% 26
\BOOKMARK [3][-]{subsubsection.3.5.2}{\376\377\000K\000e\000b\000u\000t\000u\000h\000a\000n\000\040\000F\000u\000n\000g\000s\000i\000o\000n\000a\000l\000\040\000B\000a\000c\000k\000e\000n\000d\000\040\000\050\000O\000d\000o\000o\000\040\000E\000R\000P\000\051}{subsection.3.5}% 27
\BOOKMARK [1][-]{section.4}{\376\377\000P\000E\000R\000A\000N\000C\000A\000N\000G\000A\000N\000\040\000S\000I\000S\000T\000E\000M}{}% 28
\BOOKMARK [2][-]{subsection.4.1}{\376\377\000A\000r\000s\000i\000t\000e\000k\000t\000u\000r\000\040\000S\000i\000s\000t\000e\000m\000\040\000T\000e\000r\000i\000n\000t\000e\000g\000r\000a\000s\000i}{section.4}% 29
\BOOKMARK [2][-]{subsection.4.2}{\376\377\000P\000e\000r\000a\000n\000c\000a\000n\000g\000a\000n\000\040\000M\000o\000d\000u\000l\000\040\000O\000d\000o\000o\000\040\000\050\000B\000a\000c\000k\000e\000n\000d\000\051}{section.4}% 30
\BOOKMARK [2][-]{subsection.4.3}{\376\377\000P\000e\000r\000a\000n\000c\000a\000n\000g\000a\000n\000\040\000B\000a\000s\000i\000s\000\040\000D\000a\000t\000a\000\040\000\050\000E\000R\000D\000\051}{section.4}% 31
\BOOKMARK [2][-]{subsection.4.4}{\376\377\000P\000e\000r\000a\000n\000c\000a\000n\000g\000a\000n\000\040\000E\000n\000d\000p\000o\000i\000n\000t\000\040\000A\000P\000I}{section.4}% 32
\BOOKMARK [2][-]{subsection.4.5}{\376\377\000P\000e\000r\000a\000n\000c\000a\000n\000g\000a\000n\000\040\000A\000n\000t\000a\000r\000m\000u\000k\000a\000\040\000\050\000U\000I\000/\000U\000X\000\051}{section.4}% 33
\BOOKMARK [3][-]{subsubsection.4.5.1}{\376\377\000H\000a\000l\000a\000m\000a\000n\000\040\000U\000t\000a\000m\000a\000\040\000\050\000H\000o\000m\000e\000p\000a\000g\000e\000\051}{subsection.4.5}% 34
\BOOKMARK [3][-]{subsubsection.4.5.2}{\376\377\000H\000a\000l\000a\000m\000a\000n\000\040\000A\000l\000u\000r\000\040\000R\000e\000s\000e\000r\000v\000a\000s\000i\000\040\000\050\000M\000u\000l\000t\000i\000-\000s\000t\000e\000p\000\040\000B\000o\000o\000k\000i\000n\000g\000\051}{subsection.4.5}% 35
\BOOKMARK [3][-]{subsubsection.4.5.3}{\376\377\000H\000a\000l\000a\000m\000a\000n\000\040\000R\000i\000w\000a\000y\000a\000t\000\040\000P\000e\000l\000a\000n\000g\000g\000a\000n}{subsection.4.5}% 36
\BOOKMARK [3][-]{subsubsection.4.5.4}{\376\377\000V\000i\000s\000u\000a\000l\000i\000s\000a\000s\000i\000\040\000D\000a\000t\000a\000\040\000A\000n\000a\000l\000i\000t\000i\000k\000\040\000\050\000O\000d\000o\000o\000\040\000B\000a\000c\000k\000e\000n\000d\000\051}{subsection.4.5}% 37
\BOOKMARK [1][-]{section.5}{\376\377\000I\000M\000P\000L\000E\000M\000E\000N\000T\000A\000S\000I}{}% 38
\BOOKMARK [2][-]{subsection.5.1}{\376\377\000T\000e\000k\000n\000o\000l\000o\000g\000i\000\040\000y\000a\000n\000g\000\040\000D\000i\000g\000u\000n\000a\000k\000a\000n}{section.5}% 39
\BOOKMARK [3][-]{subsubsection.5.1.1}{\376\377\000B\000a\000c\000k\000e\000n\000d\000\040\000\050\000O\000d\000o\000o\000\040\000E\000R\000P\000\051}{subsection.5.1}% 40
\BOOKMARK [3][-]{subsubsection.5.1.2}{\376\377\000F\000r\000o\000n\000t\000e\000n\000d\000\040\000\050\000W\000e\000b\000\040\000A\000p\000p\000l\000i\000c\000a\000t\000i\000o\000n\000\051}{subsection.5.1}% 41
\BOOKMARK [3][-]{subsubsection.5.1.3}{\376\377\000L\000a\000y\000a\000n\000a\000n\000\040\000E\000k\000s\000t\000e\000r\000n\000a\000l}{subsection.5.1}% 42
\BOOKMARK [2][-]{subsection.5.2}{\376\377\000I\000m\000p\000l\000e\000m\000e\000n\000t\000a\000s\000i\000\040\000B\000a\000c\000k\000e\000n\000d\000\040\000\050\000M\000o\000d\000u\000l\000\040\000K\000u\000s\000t\000o\000m\000\040\000O\000d\000o\000o\000\051}{section.5}% 43
\BOOKMARK [3][-]{subsubsection.5.2.1}{\376\377\000M\000o\000d\000e\000l\000\040\000M\000a\000n\000a\000j\000e\000m\000e\000n\000\040\000T\000e\000n\000a\000n\000t\000\040\000\050\000f\000o\000o\000d\000c\000o\000u\000r\000t\000.\000t\000e\000n\000a\000n\000t\000\051}{subsection.5.2}% 44
\BOOKMARK [3][-]{subsubsection.5.2.2}{\376\377\000M\000o\000d\000e\000l\000\040\000R\000e\000s\000e\000r\000v\000a\000s\000i\000\040\000\050\000f\000o\000o\000d\000c\000o\000u\000r\000t\000.\000r\000e\000s\000e\000r\000v\000a\000t\000i\000o\000n\000\051}{subsection.5.2}% 45
\BOOKMARK [3][-]{subsubsection.5.2.3}{\376\377\000P\000r\000o\000s\000e\000s\000\040\000O\000t\000o\000m\000a\000t\000i\000s\000\040\000\050\000C\000r\000o\000n\000\040\000J\000o\000b\000s\000\051}{subsection.5.2}% 46
\BOOKMARK [2][-]{subsection.5.3}{\376\377\000I\000m\000p\000l\000e\000m\000e\000n\000t\000a\000s\000i\000\040\000I\000n\000t\000e\000g\000r\000a\000s\000i\000\040\000A\000P\000I}{section.5}% 47
\BOOKMARK [2][-]{subsection.5.4}{\376\377\000I\000m\000p\000l\000e\000m\000e\000n\000t\000a\000s\000i\000\040\000F\000i\000t\000u\000r\000\040\000U\000t\000a\000m\000a}{section.5}% 48
\BOOKMARK [3][-]{subsubsection.5.4.1}{\376\377\000A\000l\000u\000r\000\040\000P\000e\000m\000e\000s\000a\000n\000a\000n\000\040\000M\000u\000l\000t\000i\000-\000L\000a\000n\000g\000k\000a\000h\000\040\000\050\000M\000u\000l\000t\000i\000-\000s\000t\000e\000p\000\040\000B\000o\000o\000k\000i\000n\000g\000\051}{subsection.5.4}% 49
\BOOKMARK [3][-]{subsubsection.5.4.2}{\376\377\000P\000e\000t\000a\000\040\000D\000e\000n\000a\000h\000\040\000L\000a\000n\000t\000a\000i\000\040\000I\000n\000t\000e\000r\000a\000k\000t\000i\000f\000\040\000\050\000I\000n\000t\000e\000r\000a\000c\000t\000i\000v\000e\000\040\000F\000l\000o\000o\000r\000\040\000M\000a\000p\000\051}{subsection.5.4}% 50
\BOOKMARK [3][-]{subsubsection.5.4.3}{\376\377\000I\000n\000t\000e\000g\000r\000a\000s\000i\000\040\000P\000e\000m\000b\000a\000y\000a\000r\000a\000n\000\040\000\050\000M\000i\000d\000t\000r\000a\000n\000s\000\040\000S\000n\000a\000p\000\051}{subsection.5.4}% 51
\BOOKMARK [3][-]{subsubsection.5.4.4}{\376\377\000I\000m\000p\000l\000e\000m\000e\000n\000t\000a\000s\000i\000\040\000A\000n\000a\000l\000i\000t\000i\000k\000\040\000d\000i\000\040\000O\000d\000o\000o}{subsection.5.4}% 52
\BOOKMARK [2][-]{subsection.5.5}{\376\377\000H\000a\000s\000i\000l\000\040\000I\000m\000p\000l\000e\000m\000e\000n\000t\000a\000s\000i}{section.5}% 53
\BOOKMARK [3][-]{subsubsection.5.5.1}{\376\377\000T\000a\000m\000p\000i\000l\000a\000n\000\040\000W\000e\000b\000\040\000F\000r\000o\000n\000t\000e\000n\000d}{subsection.5.5}% 54
\BOOKMARK [3][-]{subsubsection.5.5.2}{\376\377\000T\000a\000m\000p\000i\000l\000a\000n\000\040\000B\000a\000c\000k\000e\000n\000d\000\040\000O\000d\000o\000o}{subsection.5.5}% 55
\BOOKMARK [1][-]{section.6}{\376\377\000P\000E\000N\000G\000U\000J\000I\000A\000N\000\040\000S\000I\000S\000T\000E\000M}{}% 56
\BOOKMARK [2][-]{subsection.6.1}{\376\377\000S\000k\000e\000n\000a\000r\000i\000o\000\040\000d\000a\000n\000\040\000H\000a\000s\000i\000l\000\040\000P\000e\000n\000g\000u\000j\000i\000a\000n}{section.6}% 57
\BOOKMARK [2][-]{subsection.6.2}{\376\377\000A\000n\000a\000l\000i\000s\000i\000s\000\040\000H\000a\000s\000i\000l\000\040\000P\000e\000n\000g\000u\000j\000i\000a\000n}{section.6}% 58
\BOOKMARK [1][-]{section.7}{\376\377\000K\000E\000S\000I\000M\000P\000U\000L\000A\000N\000\040\000D\000A\000N\000\040\000S\000A\000R\000A\000N}{}% 59
\BOOKMARK [2][-]{subsection.7.1}{\376\377\000K\000e\000s\000i\000m\000p\000u\000l\000a\000n}{section.7}% 60
\BOOKMARK [2][-]{subsection.7.2}{\376\377\000S\000a\000r\000a\000n}{section.7}% 61
\BOOKMARK [1][-]{section*.1}{\376\377\000D\000a\000f\000t\000a\000r\000\040\000P\000u\000s\000t\000a\000k\000a}{}% 62
